Library/Bee/Android/Prj/Mono2x/Gradle/launcher/build/intermediates/manifest_merge_blame_file/release/manifest-merger-blame-release-report.txt
1<?xml version="1.0" encoding="utf-8"?>
2<manifest xmlns:android="http://schemas.android.com/apk/res/android"
3    package="com.DefaultCompany.TimeTravel"
4    android:installLocation="preferExternal"
5    android:versionCode="1"
6    android:versionName="0.1" >
7
8    <uses-sdk
9        android:minSdkVersion="22"
9-->src\main\AndroidManifest.xml
10        android:targetSdkVersion="32" />
10-->src\main\AndroidManifest.xml
11
12    <supports-screens
12-->src\main\AndroidManifest.xml:4:3-163
13        android:anyDensity="true"
13-->src\main\AndroidManifest.xml:4:135-160
14        android:largeScreens="true"
14-->src\main\AndroidManifest.xml:4:78-105
15        android:normalScreens="true"
15-->src\main\AndroidManifest.xml:4:49-77
16        android:smallScreens="true"
16-->src\main\AndroidManifest.xml:4:21-48
17        android:xlargeScreens="true" />
17-->src\main\AndroidManifest.xml:4:106-134
18
19    <uses-feature android:glEsVersion="0x00020000" />
19-->[:unityLibrary] AndroidManifest.xml:10:5-54
19-->[:unityLibrary] AndroidManifest.xml:10:19-51
20    <uses-feature
20-->[:unityLibrary] AndroidManifest.xml:11:5-13:36
21        android:name="android.hardware.touchscreen"
21-->[:unityLibrary] AndroidManifest.xml:12:9-52
22        android:required="false" />
22-->[:unityLibrary] AndroidManifest.xml:13:9-33
23    <uses-feature
23-->[:unityLibrary] AndroidManifest.xml:14:5-16:36
24        android:name="android.hardware.touchscreen.multitouch"
24-->[:unityLibrary] AndroidManifest.xml:15:9-63
25        android:required="false" />
25-->[:unityLibrary] AndroidManifest.xml:16:9-33
26    <uses-feature
26-->[:unityLibrary] AndroidManifest.xml:17:5-19:36
27        android:name="android.hardware.touchscreen.multitouch.distinct"
27-->[:unityLibrary] AndroidManifest.xml:18:9-72
28        android:required="false" />
28-->[:unityLibrary] AndroidManifest.xml:19:9-33
29
30    <application
30-->src\main\AndroidManifest.xml:3:3-121
31        android:banner="@drawable/app_banner"
31-->src\main\AndroidManifest.xml:3:81-118
32        android:extractNativeLibs="true"
32-->[:unityLibrary] AndroidManifest.xml:22:9-41
33        android:icon="@mipmap/app_icon"
33-->src\main\AndroidManifest.xml:3:49-80
34        android:isGame="true"
34-->[:unityLibrary] AndroidManifest.xml:23:9-30
35        android:label="@string/app_name" >
35-->src\main\AndroidManifest.xml:3:16-48
36        <meta-data
36-->[:unityLibrary] AndroidManifest.xml:24:9-26:33
37            android:name="unity.splash-mode"
37-->[:unityLibrary] AndroidManifest.xml:25:13-45
38            android:value="0" />
38-->[:unityLibrary] AndroidManifest.xml:26:13-30
39        <meta-data
39-->[:unityLibrary] AndroidManifest.xml:27:9-29:36
40            android:name="unity.splash-enable"
40-->[:unityLibrary] AndroidManifest.xml:28:13-47
41            android:value="True" />
41-->[:unityLibrary] AndroidManifest.xml:29:13-33
42        <meta-data
42-->[:unityLibrary] AndroidManifest.xml:30:9-32:36
43            android:name="unity.launch-fullscreen"
43-->[:unityLibrary] AndroidManifest.xml:31:13-51
44            android:value="True" />
44-->[:unityLibrary] AndroidManifest.xml:32:13-33
45        <meta-data
45-->[:unityLibrary] AndroidManifest.xml:33:9-35:36
46            android:name="unity.allow-resizable-window"
46-->[:unityLibrary] AndroidManifest.xml:34:13-56
47            android:value="True" />
47-->[:unityLibrary] AndroidManifest.xml:35:13-33
48        <meta-data
48-->[:unityLibrary] AndroidManifest.xml:36:9-38:36
49            android:name="unity.auto-report-fully-drawn"
49-->[:unityLibrary] AndroidManifest.xml:37:13-57
50            android:value="true" />
50-->[:unityLibrary] AndroidManifest.xml:38:13-33
51
52        <activity
52-->[:unityLibrary] AndroidManifest.xml:40:9-71:20
53            android:name="com.unity3d.player.UnityPlayerActivity"
53-->[:unityLibrary] AndroidManifest.xml:41:13-66
54            android:configChanges="mcc|mnc|locale|touchscreen|keyboard|keyboardHidden|navigation|orientation|screenLayout|uiMode|screenSize|smallestScreenSize|fontScale|layoutDirection|density"
54-->[:unityLibrary] AndroidManifest.xml:42:13-194
55            android:exported="true"
55-->[:unityLibrary] AndroidManifest.xml:43:13-36
56            android:hardwareAccelerated="false"
56-->[:unityLibrary] AndroidManifest.xml:44:13-48
57            android:launchMode="singleTask"
57-->[:unityLibrary] AndroidManifest.xml:45:13-44
58            android:resizeableActivity="true"
58-->[:unityLibrary] AndroidManifest.xml:46:13-46
59            android:screenOrientation="userLandscape"
59-->[:unityLibrary] AndroidManifest.xml:47:13-54
60            android:theme="@style/UnityThemeSelector" >
60-->[:unityLibrary] AndroidManifest.xml:48:13-54
61            <intent-filter>
61-->[:unityLibrary] AndroidManifest.xml:49:13-54:29
62                <category android:name="android.intent.category.LAUNCHER" />
62-->[:unityLibrary] AndroidManifest.xml:50:17-77
62-->[:unityLibrary] AndroidManifest.xml:50:27-74
63                <category android:name="android.intent.category.LEANBACK_LAUNCHER" />
63-->[:unityLibrary] AndroidManifest.xml:51:17-86
63-->[:unityLibrary] AndroidManifest.xml:51:27-83
64
65                <action android:name="android.intent.action.MAIN" />
65-->[:unityLibrary] AndroidManifest.xml:53:17-69
65-->[:unityLibrary] AndroidManifest.xml:53:25-66
66            </intent-filter>
67
68            <meta-data
68-->[:unityLibrary] AndroidManifest.xml:56:13-58:40
69                android:name="unityplayer.UnityActivity"
69-->[:unityLibrary] AndroidManifest.xml:57:17-57
70                android:value="true" />
70-->[:unityLibrary] AndroidManifest.xml:58:17-37
71            <meta-data
71-->[:unityLibrary] AndroidManifest.xml:59:13-61:69
72                android:name="WindowManagerPreference:FreeformWindowSize"
72-->[:unityLibrary] AndroidManifest.xml:60:17-74
73                android:value="@string/FreeformWindowSize_tablet" />
73-->[:unityLibrary] AndroidManifest.xml:61:17-66
74            <meta-data
74-->[:unityLibrary] AndroidManifest.xml:62:13-64:79
75                android:name="WindowManagerPreference:FreeformWindowOrientation"
75-->[:unityLibrary] AndroidManifest.xml:63:17-81
76                android:value="@string/FreeformWindowOrientation_landscape" />
76-->[:unityLibrary] AndroidManifest.xml:64:17-76
77
78            <layout
78-->[:unityLibrary] AndroidManifest.xml:66:13-70:44
79                android:defaultHeight="1080px"
79-->[:unityLibrary] AndroidManifest.xml:67:17-47
80                android:defaultWidth="2160px"
80-->[:unityLibrary] AndroidManifest.xml:68:17-46
81                android:minHeight="300px"
81-->[:unityLibrary] AndroidManifest.xml:69:17-42
82                android:minWidth="400px" />
82-->[:unityLibrary] AndroidManifest.xml:70:17-41
83        </activity>
84    </application>
85
86</manifest>